<?xml version="1.0" encoding="UTF-8"?>
<testng-results ignored="0" total="3" passed="3" failed="0" skipped="0">
  <reporter-output>
  </reporter-output>
  <suite started-at="2023-07-15T08:14:07 IST" name="Default suite" finished-at="2023-07-15T08:14:07 IST" duration-ms="66">
    <groups>
    </groups>
    <test started-at="2023-07-15T08:14:07 IST" name="Default test" finished-at="2023-07-15T08:14:07 IST" duration-ms="66">
      <class name="testNG.TestNGTest">
        <test-method signature="modifyCustomer()[pri:-1, instance:testNG.TestNGTest@6743e411]" started-at="2023-07-15T08:14:07 IST" name="modifyCustomer" finished-at="2023-07-15T08:14:07 IST" duration-ms="17" status="PASS">
          <reporter-output>
          </reporter-output>
        </test-method> <!-- modifyCustomer -->
        <test-method signature="createCustomer()[pri:1, instance:testNG.TestNGTest@6743e411]" started-at="2023-07-15T08:14:07 IST" name="createCustomer" finished-at="2023-07-15T08:14:07 IST" duration-ms="1" status="PASS">
          <reporter-output>
          </reporter-output>
        </test-method> <!-- createCustomer -->
        <test-method signature="deleteCustomer()[pri:2, instance:testNG.TestNGTest@6743e411]" started-at="2023-07-15T08:14:07 IST" name="deleteCustomer" finished-at="2023-07-15T08:14:07 IST" duration-ms="1" status="PASS">
          <reporter-output>
          </reporter-output>
        </test-method> <!-- deleteCustomer -->
      </class> <!-- testNG.TestNGTest -->
    </test> <!-- Default test -->
  </suite> <!-- Default suite -->
</testng-results>
